[keptn|INFO] [2019-05-23 13:54:36] Starting installation of keptn
[keptn|DEBUG] [2019-05-23 13:54:36] CLUSTER_NAME is not set, take it from creds.json
[keptn|DEBUG] [2019-05-23 13:54:36] CLUSTER_ZONE is not set, take it from creds.json
[keptn|INFO] [2019-05-23 13:54:36] Test connection to cluster
[keptn|DEBUG] [2019-05-23 13:54:36] GKE_PROJECT not set, take it from creds.json
Updated property [core/project].
Updated property [container/cluster].
Updated property [compute/zone].
Fetching cluster endpoint and auth data.
kubeconfig entry generated for sprint4-review.
[keptn|INFO] [2019-05-23 13:54:39] Connection to cluster successful
[keptn|DEBUG] [2019-05-23 13:54:39] CLUSTER_IPV4_CIDR is not set, retrieve it using gcloud.
[keptn|DEBUG] [2019-05-23 13:54:41] SERVICES_IPV4_CIDR is not set, retrieve it using gcloud.
[keptn|DEBUG] [2019-05-23 13:54:42] GCLOUD_USER is not set, retrieve it using gcloud.
[keptn|INFO] [2019-05-23 13:54:42] Testing connection to Kubernetes API
NAME          STATUS   AGE
default       Active   3m13s
kube-public   Active   3m12s
kube-system   Active   3m13s
[keptn|INFO] [2019-05-23 13:54:45] Connection to Kubernetes API successful
clusterrolebinding.rbac.authorization.k8s.io/keptn-cluster-admin-binding created
namespace/keptn created
[keptn|INFO] [2019-05-23 13:54:47] Creating container registry
configmap/docker-registry created
persistentvolumeclaim/docker-registry created
deployment.extensions/docker-registry created
service/docker-registry created
[keptn|INFO] [2019-05-23 13:54:50] Creating container registry done
[keptn|INFO] [2019-05-23 13:54:50] Installing Istio
customresourcedefinition.apiextensions.k8s.io/virtualservices.networking.istio.io created
customresourcedefinition.apiextensions.k8s.io/destinationrules.networking.istio.io created
customresourcedefinition.apiextensions.k8s.io/serviceentries.networking.istio.io created
customresourcedefinition.apiextensions.k8s.io/gateways.networking.istio.io created
customresourcedefinition.apiextensions.k8s.io/envoyfilters.networking.istio.io created
customresourcedefinition.apiextensions.k8s.io/policies.authentication.istio.io created
customresourcedefinition.apiextensions.k8s.io/meshpolicies.authentication.istio.io created
customresourcedefinition.apiextensions.k8s.io/httpapispecbindings.config.istio.io created
customresourcedefinition.apiextensions.k8s.io/httpapispecs.config.istio.io created
customresourcedefinition.apiextensions.k8s.io/quotaspecbindings.config.istio.io created
customresourcedefinition.apiextensions.k8s.io/quotaspecs.config.istio.io created
customresourcedefinition.apiextensions.k8s.io/rules.config.istio.io created
customresourcedefinition.apiextensions.k8s.io/attributemanifests.config.istio.io created
customresourcedefinition.apiextensions.k8s.io/bypasses.config.istio.io created
customresourcedefinition.apiextensions.k8s.io/circonuses.config.istio.io created
customresourcedefinition.apiextensions.k8s.io/deniers.config.istio.io created
customresourcedefinition.apiextensions.k8s.io/fluentds.config.istio.io created
customresourcedefinition.apiextensions.k8s.io/kubernetesenvs.config.istio.io created
customresourcedefinition.apiextensions.k8s.io/listcheckers.config.istio.io created
customresourcedefinition.apiextensions.k8s.io/memquotas.config.istio.io created
customresourcedefinition.apiextensions.k8s.io/noops.config.istio.io created
customresourcedefinition.apiextensions.k8s.io/opas.config.istio.io created
customresourcedefinition.apiextensions.k8s.io/prometheuses.config.istio.io created
customresourcedefinition.apiextensions.k8s.io/rbacs.config.istio.io created
customresourcedefinition.apiextensions.k8s.io/redisquotas.config.istio.io created
customresourcedefinition.apiextensions.k8s.io/servicecontrols.config.istio.io created
customresourcedefinition.apiextensions.k8s.io/signalfxs.config.istio.io created
customresourcedefinition.apiextensions.k8s.io/solarwindses.config.istio.io created
customresourcedefinition.apiextensions.k8s.io/stackdrivers.config.istio.io created
customresourcedefinition.apiextensions.k8s.io/statsds.config.istio.io created
customresourcedefinition.apiextensions.k8s.io/stdios.config.istio.io created
customresourcedefinition.apiextensions.k8s.io/apikeys.config.istio.io created
customresourcedefinition.apiextensions.k8s.io/authorizations.config.istio.io created
customresourcedefinition.apiextensions.k8s.io/checknothings.config.istio.io created
customresourcedefinition.apiextensions.k8s.io/kuberneteses.config.istio.io created
customresourcedefinition.apiextensions.k8s.io/listentries.config.istio.io created
customresourcedefinition.apiextensions.k8s.io/logentries.config.istio.io created
customresourcedefinition.apiextensions.k8s.io/edges.config.istio.io created
customresourcedefinition.apiextensions.k8s.io/metrics.config.istio.io created
customresourcedefinition.apiextensions.k8s.io/quotas.config.istio.io created
customresourcedefinition.apiextensions.k8s.io/reportnothings.config.istio.io created
customresourcedefinition.apiextensions.k8s.io/servicecontrolreports.config.istio.io created
customresourcedefinition.apiextensions.k8s.io/tracespans.config.istio.io created
customresourcedefinition.apiextensions.k8s.io/rbacconfigs.rbac.istio.io created
customresourcedefinition.apiextensions.k8s.io/serviceroles.rbac.istio.io created
customresourcedefinition.apiextensions.k8s.io/servicerolebindings.rbac.istio.io created
customresourcedefinition.apiextensions.k8s.io/adapters.config.istio.io created
customresourcedefinition.apiextensions.k8s.io/instances.config.istio.io created
customresourcedefinition.apiextensions.k8s.io/templates.config.istio.io created
customresourcedefinition.apiextensions.k8s.io/handlers.config.istio.io created
error: the server doesn't have a resource type "virtualservices"
[keptn|DEBUG] [2019-05-23 13:55:06] Retry: 1/12 - Wait 20s for custom resource definitions ...
error: the server doesn't have a resource type "virtualservices"
[keptn|DEBUG] [2019-05-23 13:55:26] Retry: 2/12 - Wait 20s for custom resource definitions ...
error: the server doesn't have a resource type "virtualservices"
[keptn|DEBUG] [2019-05-23 13:55:46] Retry: 3/12 - Wait 20s for custom resource definitions ...
error: the server doesn't have a resource type "virtualservices"
[keptn|DEBUG] [2019-05-23 13:56:06] Retry: 4/12 - Wait 20s for custom resource definitions ...
error: the server doesn't have a resource type "virtualservices"
[keptn|DEBUG] [2019-05-23 13:56:27] Retry: 5/12 - Wait 20s for custom resource definitions ...
No resources found.
[keptn|DEBUG] [2019-05-23 13:56:57] All custom resource definitions are available.
namespace/istio-system created
configmap/istio-galley-configuration created
configmap/istio-statsd-prom-bridge created
configmap/istio-security-custom-resources created
configmap/istio created
configmap/istio-sidecar-injector created
serviceaccount/istio-galley-service-account created
serviceaccount/istio-egressgateway-service-account created
serviceaccount/istio-ingressgateway-service-account created
serviceaccount/istio-mixer-service-account created
serviceaccount/istio-pilot-service-account created
serviceaccount/istio-cleanup-secrets-service-account created
clusterrole.rbac.authorization.k8s.io/istio-cleanup-secrets-istio-system created
clusterrolebinding.rbac.authorization.k8s.io/istio-cleanup-secrets-istio-system created
job.batch/istio-cleanup-secrets created
serviceaccount/istio-security-post-install-account created
clusterrole.rbac.authorization.k8s.io/istio-security-post-install-istio-system created
clusterrolebinding.rbac.authorization.k8s.io/istio-security-post-install-role-binding-istio-system created
job.batch/istio-security-post-install created
serviceaccount/istio-citadel-service-account created
serviceaccount/istio-sidecar-injector-service-account created
customresourcedefinition.apiextensions.k8s.io/virtualservices.networking.istio.io unchanged
customresourcedefinition.apiextensions.k8s.io/destinationrules.networking.istio.io unchanged
customresourcedefinition.apiextensions.k8s.io/serviceentries.networking.istio.io unchanged
customresourcedefinition.apiextensions.k8s.io/gateways.networking.istio.io unchanged
customresourcedefinition.apiextensions.k8s.io/envoyfilters.networking.istio.io unchanged
customresourcedefinition.apiextensions.k8s.io/httpapispecbindings.config.istio.io unchanged
customresourcedefinition.apiextensions.k8s.io/httpapispecs.config.istio.io unchanged
customresourcedefinition.apiextensions.k8s.io/quotaspecbindings.config.istio.io unchanged
customresourcedefinition.apiextensions.k8s.io/quotaspecs.config.istio.io unchanged
customresourcedefinition.apiextensions.k8s.io/rules.config.istio.io unchanged
customresourcedefinition.apiextensions.k8s.io/attributemanifests.config.istio.io unchanged
customresourcedefinition.apiextensions.k8s.io/bypasses.config.istio.io unchanged
customresourcedefinition.apiextensions.k8s.io/circonuses.config.istio.io unchanged
customresourcedefinition.apiextensions.k8s.io/deniers.config.istio.io unchanged
customresourcedefinition.apiextensions.k8s.io/fluentds.config.istio.io unchanged
customresourcedefinition.apiextensions.k8s.io/kubernetesenvs.config.istio.io unchanged
customresourcedefinition.apiextensions.k8s.io/listcheckers.config.istio.io unchanged
customresourcedefinition.apiextensions.k8s.io/memquotas.config.istio.io unchanged
customresourcedefinition.apiextensions.k8s.io/noops.config.istio.io unchanged
customresourcedefinition.apiextensions.k8s.io/opas.config.istio.io unchanged
customresourcedefinition.apiextensions.k8s.io/prometheuses.config.istio.io unchanged
customresourcedefinition.apiextensions.k8s.io/rbacs.config.istio.io unchanged
customresourcedefinition.apiextensions.k8s.io/redisquotas.config.istio.io unchanged
customresourcedefinition.apiextensions.k8s.io/servicecontrols.config.istio.io unchanged
customresourcedefinition.apiextensions.k8s.io/signalfxs.config.istio.io unchanged
customresourcedefinition.apiextensions.k8s.io/solarwindses.config.istio.io unchanged
customresourcedefinition.apiextensions.k8s.io/stackdrivers.config.istio.io unchanged
customresourcedefinition.apiextensions.k8s.io/statsds.config.istio.io unchanged
customresourcedefinition.apiextensions.k8s.io/stdios.config.istio.io unchanged
customresourcedefinition.apiextensions.k8s.io/apikeys.config.istio.io unchanged
customresourcedefinition.apiextensions.k8s.io/authorizations.config.istio.io unchanged
customresourcedefinition.apiextensions.k8s.io/checknothings.config.istio.io unchanged
customresourcedefinition.apiextensions.k8s.io/kuberneteses.config.istio.io unchanged
customresourcedefinition.apiextensions.k8s.io/listentries.config.istio.io unchanged
customresourcedefinition.apiextensions.k8s.io/logentries.config.istio.io unchanged
customresourcedefinition.apiextensions.k8s.io/edges.config.istio.io unchanged
customresourcedefinition.apiextensions.k8s.io/metrics.config.istio.io unchanged
customresourcedefinition.apiextensions.k8s.io/quotas.config.istio.io unchanged
customresourcedefinition.apiextensions.k8s.io/reportnothings.config.istio.io unchanged
customresourcedefinition.apiextensions.k8s.io/servicecontrolreports.config.istio.io unchanged
customresourcedefinition.apiextensions.k8s.io/tracespans.config.istio.io unchanged
customresourcedefinition.apiextensions.k8s.io/rbacconfigs.rbac.istio.io unchanged
customresourcedefinition.apiextensions.k8s.io/serviceroles.rbac.istio.io unchanged
customresourcedefinition.apiextensions.k8s.io/servicerolebindings.rbac.istio.io unchanged
customresourcedefinition.apiextensions.k8s.io/adapters.config.istio.io unchanged
customresourcedefinition.apiextensions.k8s.io/instances.config.istio.io unchanged
customresourcedefinition.apiextensions.k8s.io/templates.config.istio.io unchanged
customresourcedefinition.apiextensions.k8s.io/handlers.config.istio.io unchanged
clusterrole.rbac.authorization.k8s.io/istio-galley-istio-system created
clusterrole.rbac.authorization.k8s.io/istio-egressgateway-istio-system created
clusterrole.rbac.authorization.k8s.io/istio-ingressgateway-istio-system created
clusterrole.rbac.authorization.k8s.io/istio-mixer-istio-system created
clusterrole.rbac.authorization.k8s.io/istio-pilot-istio-system created
clusterrole.rbac.authorization.k8s.io/istio-citadel-istio-system created
clusterrole.rbac.authorization.k8s.io/istio-sidecar-injector-istio-system created
clusterrolebinding.rbac.authorization.k8s.io/istio-galley-admin-role-binding-istio-system created
clusterrolebinding.rbac.authorization.k8s.io/istio-egressgateway-istio-system created
clusterrolebinding.rbac.authorization.k8s.io/istio-ingressgateway-istio-system created
clusterrolebinding.rbac.authorization.k8s.io/istio-mixer-admin-role-binding-istio-system created
clusterrolebinding.rbac.authorization.k8s.io/istio-pilot-istio-system created
clusterrolebinding.rbac.authorization.k8s.io/istio-citadel-istio-system created
clusterrolebinding.rbac.authorization.k8s.io/istio-sidecar-injector-admin-role-binding-istio-system created
service/istio-galley created
service/istio-egressgateway created
service/istio-ingressgateway created
service/istio-policy created
service/istio-telemetry created
service/istio-pilot created
service/istio-citadel created
service/istio-sidecar-injector created
deployment.extensions/istio-galley created
deployment.extensions/istio-egressgateway created
deployment.extensions/istio-ingressgateway created
deployment.extensions/istio-policy created
deployment.extensions/istio-telemetry created
deployment.extensions/istio-pilot created
deployment.extensions/istio-citadel created
deployment.extensions/istio-sidecar-injector created
gateway.networking.istio.io/istio-autogenerated-k8s-ingress created
horizontalpodautoscaler.autoscaling/istio-egressgateway created
horizontalpodautoscaler.autoscaling/istio-ingressgateway created
horizontalpodautoscaler.autoscaling/istio-policy created
horizontalpodautoscaler.autoscaling/istio-telemetry created
horizontalpodautoscaler.autoscaling/istio-pilot created
mutatingwebhookconfiguration.admissionregistration.k8s.io/istio-sidecar-injector created
attributemanifest.config.istio.io/istioproxy created
attributemanifest.config.istio.io/kubernetes created
stdio.config.istio.io/handler created
logentry.config.istio.io/accesslog created
logentry.config.istio.io/tcpaccesslog created
rule.config.istio.io/stdio created
rule.config.istio.io/stdiotcp created
metric.config.istio.io/requestcount created
metric.config.istio.io/requestduration created
metric.config.istio.io/requestsize created
metric.config.istio.io/responsesize created
metric.config.istio.io/tcpbytesent created
metric.config.istio.io/tcpbytereceived created
prometheus.config.istio.io/handler created
rule.config.istio.io/promhttp created
rule.config.istio.io/promtcp created
kubernetesenv.config.istio.io/handler created
rule.config.istio.io/kubeattrgenrulerule created
rule.config.istio.io/tcpkubeattrgenrulerule created
kubernetes.config.istio.io/attributes created
destinationrule.networking.istio.io/istio-policy created
destinationrule.networking.istio.io/istio-telemetry created
serviceaccount/cluster-local-gateway-service-account created
clusterrole.rbac.authorization.k8s.io/cluster-local-gateway-istio-system created
clusterrolebinding.rbac.authorization.k8s.io/cluster-local-gateway-istio-system created
service/cluster-local-gateway created
deployment.extensions/cluster-local-gateway created
horizontalpodautoscaler.autoscaling/cluster-local-gateway created
NAME                                     READY   STATUS              RESTARTS   AGE
cluster-local-gateway-6687d7bffc-zkffr   0/1     Pending             0          1s
istio-citadel-5bbbc98c6d-6tbm7           0/1     ContainerCreating   0          17s
istio-cleanup-secrets-wk7cg              0/1     Completed           0          38s
istio-egressgateway-77dfd495df-z5tt8     1/1     Running             0          19s
istio-galley-744969c89-wcrjr             0/1     ContainerCreating   0          19s
istio-ingressgateway-6bb7555c76-6psc8    1/1     Running             0          18s
istio-pilot-6cbbb9bd95-b5bcj             0/2     ContainerCreating   0          17s
istio-policy-755477988-qqmxf             0/2     ContainerCreating   0          18s
istio-security-post-install-m9glg        0/1     Completed           0          36s
istio-sidecar-injector-856b74c95-gk8sl   0/1     ContainerCreating   0          16s
istio-telemetry-78f76f9d6-8f822          2/2     Running             0          17s
[keptn|DEBUG] [2019-05-23 13:57:44] Retry: 1/12 - Wait 20s for pods to start in namespace istio-system ...
NAME                                     READY   STATUS              RESTARTS   AGE
cluster-local-gateway-6687d7bffc-zkffr   1/1     Running             0          23s
istio-citadel-5bbbc98c6d-6tbm7           1/1     Running             0          39s
istio-cleanup-secrets-wk7cg              0/1     Completed           0          60s
istio-egressgateway-77dfd495df-z5tt8     1/1     Running             0          41s
istio-galley-744969c89-wcrjr             0/1     Running             0          41s
istio-ingressgateway-6bb7555c76-6psc8    1/1     Running             0          40s
istio-pilot-6cbbb9bd95-72b99             1/2     Running             0          20s
istio-pilot-6cbbb9bd95-8chmg             1/2     Running             0          20s
istio-pilot-6cbbb9bd95-b5bcj             2/2     Running             0          39s
istio-policy-755477988-qqmxf             2/2     Running             0          40s
istio-security-post-install-m9glg        0/1     Completed           0          58s
istio-sidecar-injector-856b74c95-gk8sl   0/1     ContainerCreating   0          38s
istio-telemetry-78f76f9d6-8f822          2/2     Running             0          39s
[keptn|DEBUG] [2019-05-23 13:58:06] Retry: 2/12 - Wait 20s for pods to start in namespace istio-system ...
NAME                                     READY   STATUS      RESTARTS   AGE
cluster-local-gateway-6687d7bffc-zkffr   1/1     Running     0          45s
istio-citadel-5bbbc98c6d-6tbm7           1/1     Running     0          61s
istio-cleanup-secrets-wk7cg              0/1     Completed   0          82s
istio-egressgateway-77dfd495df-z5tt8     1/1     Running     0          63s
istio-galley-744969c89-wcrjr             1/1     Running     0          63s
istio-ingressgateway-6bb7555c76-6psc8    1/1     Running     0          62s
istio-pilot-6cbbb9bd95-72b99             2/2     Running     0          42s
istio-pilot-6cbbb9bd95-8chmg             2/2     Running     0          42s
istio-pilot-6cbbb9bd95-b5bcj             2/2     Running     0          61s
istio-policy-755477988-qqmxf             2/2     Running     0          62s
istio-security-post-install-m9glg        0/1     Completed   0          80s
istio-sidecar-injector-856b74c95-gk8sl   1/1     Running     0          60s
istio-telemetry-78f76f9d6-8f822          2/2     Running     0          61s
[keptn|DEBUG] [2019-05-23 13:58:28] All pods are running in namespace istio-system.
pod "docker-registry-66bb5d6d98-cfwfz" deleted
NAME                               READY   STATUS     RESTARTS   AGE
docker-registry-66bb5d6d98-cpl6b   0/2     Init:0/1   0          3s
[keptn|DEBUG] [2019-05-23 13:58:33] Retry: 1/12 - Wait 20s for pods to start in namespace keptn ...
NAME                               READY   STATUS    RESTARTS   AGE
docker-registry-66bb5d6d98-cpl6b   2/2     Running   0          24s
[keptn|DEBUG] [2019-05-23 13:58:54] All pods are running in namespace keptn.
[keptn|INFO] [2019-05-23 13:58:54] Installing Istio done
[keptn|INFO] [2019-05-23 13:58:54] Installing Knative
Error from server (AlreadyExists): namespaces "keptn" already exists
configmap/docker-registry unchanged
persistentvolumeclaim/docker-registry unchanged
deployment.extensions/docker-registry unchanged
service/docker-registry unchanged
namespace/knative-serving created
clusterrole.rbac.authorization.k8s.io/knative-serving-admin created
clusterrole.rbac.authorization.k8s.io/knative-serving-core created
serviceaccount/controller created
clusterrolebinding.rbac.authorization.k8s.io/knative-serving-controller-admin created
gateway.networking.istio.io/knative-ingress-gateway created
gateway.networking.istio.io/cluster-local-gateway created
customresourcedefinition.apiextensions.k8s.io/clusteringresses.networking.internal.knative.dev created
customresourcedefinition.apiextensions.k8s.io/configurations.serving.knative.dev created
customresourcedefinition.apiextensions.k8s.io/images.caching.internal.knative.dev created
customresourcedefinition.apiextensions.k8s.io/podautoscalers.autoscaling.internal.knative.dev created
customresourcedefinition.apiextensions.k8s.io/revisions.serving.knative.dev created
customresourcedefinition.apiextensions.k8s.io/routes.serving.knative.dev created
customresourcedefinition.apiextensions.k8s.io/services.serving.knative.dev created
service/activator-service created
service/controller created
service/webhook created
image.caching.internal.knative.dev/queue-proxy created
deployment.apps/activator created
service/autoscaler created
deployment.apps/autoscaler created
configmap/config-autoscaler created
configmap/config-controller created
configmap/config-domain created
configmap/config-gc created
configmap/config-istio created
configmap/config-logging created
configmap/config-network created
configmap/config-observability created
deployment.apps/controller created
deployment.apps/webhook created
NAME                 TYPE        CLUSTER-IP    EXTERNAL-IP   PORT(S)   AGE
service/kubernetes   ClusterIP   10.27.240.1   <none>        443/TCP   7m50s
[keptn|DEBUG] [2019-05-23 13:59:23] All custom resource definitions are available.
NAME                          READY   STATUS              RESTARTS   AGE
activator-56555cfd8f-n8sfb    0/2     PodInitializing     0          12s
autoscaler-6d768b4f67-2fdbl   0/2     PodInitializing     0          11s
controller-6cf6f85976-fh2m4   1/1     Running             0          8s
webhook-6f7dfd6946-nb6zd      0/1     ContainerCreating   0          7s
[keptn|DEBUG] [2019-05-23 13:59:24] Retry: 1/12 - Wait 20s for pods to start in namespace knative-serving ...
NAME                          READY   STATUS    RESTARTS   AGE
activator-56555cfd8f-n8sfb    2/2     Running   2          33s
autoscaler-6d768b4f67-2fdbl   2/2     Running   1          32s
controller-6cf6f85976-fh2m4   1/1     Running   0          29s
webhook-6f7dfd6946-nb6zd      1/1     Running   0          28s
[keptn|DEBUG] [2019-05-23 13:59:45] All pods are running in namespace knative-serving.
namespace/knative-build created
podsecuritypolicy.policy/knative-build created
clusterrole.rbac.authorization.k8s.io/knative-build-admin created
serviceaccount/build-controller created
clusterrolebinding.rbac.authorization.k8s.io/build-controller-admin created
customresourcedefinition.apiextensions.k8s.io/builds.build.knative.dev created
customresourcedefinition.apiextensions.k8s.io/buildtemplates.build.knative.dev created
customresourcedefinition.apiextensions.k8s.io/clusterbuildtemplates.build.knative.dev created
customresourcedefinition.apiextensions.k8s.io/images.caching.internal.knative.dev unchanged
service/build-controller created
service/build-webhook created
image.caching.internal.knative.dev/creds-init created
image.caching.internal.knative.dev/git-init created
image.caching.internal.knative.dev/gcs-fetcher created
image.caching.internal.knative.dev/nop created
configmap/config-logging created
deployment.apps/build-controller created
deployment.apps/build-webhook created
error: the server doesn't have a resource type "builds"
[keptn|DEBUG] [2019-05-23 14:00:00] Retry: 1/12 - Wait 20s for custom resource definitions ...
error: the server doesn't have a resource type "builds"
[keptn|DEBUG] [2019-05-23 14:00:20] Retry: 2/12 - Wait 20s for custom resource definitions ...
error: the server doesn't have a resource type "builds"
[keptn|DEBUG] [2019-05-23 14:00:40] Retry: 3/12 - Wait 20s for custom resource definitions ...
No resources found.
[keptn|DEBUG] [2019-05-23 14:01:03] All custom resource definitions are available.
NAME                                READY   STATUS    RESTARTS   AGE
build-controller-755f6dd8b4-5b2gb   1/1     Running   0          70s
build-webhook-588dcc4f7f-4ftgb      1/1     Running   0          70s
[keptn|DEBUG] [2019-05-23 14:01:05] All pods are running in namespace knative-build.
namespace/knative-eventing created
serviceaccount/eventing-controller created
clusterrolebinding.rbac.authorization.k8s.io/eventing-controller-admin created
customresourcedefinition.apiextensions.k8s.io/channels.eventing.knative.dev created
customresourcedefinition.apiextensions.k8s.io/clusterchannelprovisioners.eventing.knative.dev created
customresourcedefinition.apiextensions.k8s.io/subscriptions.eventing.knative.dev created
configmap/default-channel-webhook created
service/webhook created
deployment.apps/eventing-controller created
deployment.apps/webhook created
configmap/config-logging created
serviceaccount/in-memory-channel-controller created
clusterrole.rbac.authorization.k8s.io/in-memory-channel-controller created
clusterrolebinding.rbac.authorization.k8s.io/in-memory-channel-controller created
deployment.apps/in-memory-channel-controller created
serviceaccount/in-memory-channel-dispatcher created
clusterrole.rbac.authorization.k8s.io/in-memory-channel-dispatcher created
clusterrolebinding.rbac.authorization.k8s.io/in-memory-channel-dispatcher created
deployment.apps/in-memory-channel-dispatcher created
unable to recognize "https://github.com/knative/eventing/releases/download/v0.4.0/release.yaml": no matches for kind "ClusterChannelProvisioner" in version "eventing.knative.dev/v1alpha1"
unable to recognize "https://github.com/knative/eventing/releases/download/v0.4.0/release.yaml": no matches for kind "ClusterChannelProvisioner" in version "eventing.knative.dev/v1alpha1"
[keptn|INFO] [2019-05-23 14:01:15] KNOWN ISSUE: Applying the knative v.0.4.0 release.yaml runs into a race condition for the custom resource definition ClusterChannelProvisioner.
error: the server doesn't have a resource type "channels"
[keptn|DEBUG] [2019-05-23 14:01:20] Retry: 1/12 - Wait 20s for custom resource definitions ...
error: the server doesn't have a resource type "channels"
[keptn|DEBUG] [2019-05-23 14:01:41] Retry: 2/12 - Wait 20s for custom resource definitions ...
error: the server doesn't have a resource type "channels"
[keptn|DEBUG] [2019-05-23 14:02:01] Retry: 3/12 - Wait 20s for custom resource definitions ...
error: the server doesn't have a resource type "channels"
[keptn|DEBUG] [2019-05-23 14:02:21] Retry: 4/12 - Wait 20s for custom resource definitions ...
error: the server doesn't have a resource type "channels"
[keptn|DEBUG] [2019-05-23 14:02:41] Retry: 5/12 - Wait 20s for custom resource definitions ...
No resources found.
[keptn|DEBUG] [2019-05-23 14:03:03] All custom resource definitions are available.
NAME                                            READY   STATUS    RESTARTS   AGE
eventing-controller-6554f9cbcf-cp479            2/2     Running   0          113s
in-memory-channel-controller-7888dfffd7-64q7q   2/2     Running   1          110s
in-memory-channel-dispatcher-56d6f99dc6-tnqvp   2/2     Running   2          109s
webhook-654b696b9b-kdkvf                        1/1     Running   0          113s
[keptn|DEBUG] [2019-05-23 14:03:04] All pods are running in namespace knative-eventing.
namespace/knative-sources created
serviceaccount/controller-manager created
clusterrole.rbac.authorization.k8s.io/eventing-sources-controller created
clusterrolebinding.rbac.authorization.k8s.io/eventing-sources-controller created
customresourcedefinition.apiextensions.k8s.io/awssqssources.sources.eventing.knative.dev created
customresourcedefinition.apiextensions.k8s.io/containersources.sources.eventing.knative.dev created
customresourcedefinition.apiextensions.k8s.io/cronjobsources.sources.eventing.knative.dev created
customresourcedefinition.apiextensions.k8s.io/githubsources.sources.eventing.knative.dev created
customresourcedefinition.apiextensions.k8s.io/kuberneteseventsources.sources.eventing.knative.dev created
service/controller created
statefulset.apps/controller-manager created
error: the server doesn't have a resource type "awssqssources"
[keptn|DEBUG] [2019-05-23 14:03:16] Retry: 1/12 - Wait 20s for custom resource definitions ...
error: the server doesn't have a resource type "awssqssources"
[keptn|DEBUG] [2019-05-23 14:03:36] Retry: 2/12 - Wait 20s for custom resource definitions ...
error: the server doesn't have a resource type "awssqssources"
[keptn|DEBUG] [2019-05-23 14:03:56] Retry: 3/12 - Wait 20s for custom resource definitions ...
error: the server doesn't have a resource type "awssqssources"
[keptn|DEBUG] [2019-05-23 14:04:17] Retry: 4/12 - Wait 20s for custom resource definitions ...
error: the server doesn't have a resource type "awssqssources"
[keptn|DEBUG] [2019-05-23 14:04:37] Retry: 5/12 - Wait 20s for custom resource definitions ...
No resources found.
[keptn|DEBUG] [2019-05-23 14:04:59] All custom resource definitions are available.
NAME                   READY   STATUS    RESTARTS   AGE
controller-manager-0   1/1     Running   0          109s
[keptn|DEBUG] [2019-05-23 14:05:00] All pods are running in namespace knative-sources.
namespace/knative-monitoring created
service/elasticsearch-logging created
serviceaccount/elasticsearch-logging created
clusterrole.rbac.authorization.k8s.io/elasticsearch-logging created
clusterrolebinding.rbac.authorization.k8s.io/elasticsearch-logging created
statefulset.apps/elasticsearch-logging created
service/kibana-logging created
deployment.apps/kibana-logging created
configmap/fluentd-ds-config created
logentry.config.istio.io/requestlog created
fluentd.config.istio.io/requestloghandler created
rule.config.istio.io/requestlogtofluentd created
serviceaccount/fluentd-ds created
clusterrole.rbac.authorization.k8s.io/fluentd-ds created
clusterrolebinding.rbac.authorization.k8s.io/fluentd-ds created
service/fluentd-ds created
daemonset.apps/fluentd-ds created
configmap/grafana-dashboard-definition-istio created
configmap/grafana-dashboard-definition-mixer created
configmap/grafana-dashboard-definition-pilot created
serviceaccount/kube-state-metrics created
role.rbac.authorization.k8s.io/kube-state-metrics-resizer created
rolebinding.rbac.authorization.k8s.io/kube-state-metrics created
clusterrole.rbac.authorization.k8s.io/kube-state-metrics created
clusterrolebinding.rbac.authorization.k8s.io/kube-state-metrics created
deployment.extensions/kube-state-metrics created
service/kube-state-metrics created
configmap/grafana-dashboard-definition-kubernetes-deployment created
configmap/grafana-dashboard-definition-kubernetes-capacity-planning created
configmap/grafana-dashboard-definition-kubernetes-cluster-health created
configmap/grafana-dashboard-definition-kubernetes-cluster-status created
configmap/grafana-dashboard-definition-kubernetes-control-plane-status created
configmap/grafana-dashboard-definition-kubernetes-resource-requests created
configmap/grafana-dashboard-definition-kubernetes-nodes created
configmap/grafana-dashboard-definition-kubernetes-pods created
configmap/grafana-dashboard-definition-kubernetes-statefulset created
serviceaccount/node-exporter created
clusterrole.rbac.authorization.k8s.io/node-exporter created
clusterrolebinding.rbac.authorization.k8s.io/node-exporter created
daemonset.extensions/node-exporter created
service/node-exporter created
configmap/grafana-dashboard-definition-knative-efficiency created
configmap/grafana-dashboard-definition-knative-reconciler created
configmap/scaling-config created
configmap/grafana-dashboard-definition-knative created
configmap/grafana-datasources created
configmap/grafana-dashboards created
service/grafana created
deployment.apps/grafana created
metric.config.istio.io/revisionrequestcount created
metric.config.istio.io/revisionrequestduration created
metric.config.istio.io/revisionrequestsize created
metric.config.istio.io/revisionresponsesize created
prometheus.config.istio.io/revisionpromhandler created
rule.config.istio.io/revisionpromhttp created
configmap/prometheus-scrape-config created
service/kube-controller-manager created
service/prometheus-system-discovery created
serviceaccount/prometheus-system created
role.rbac.authorization.k8s.io/prometheus-system created
role.rbac.authorization.k8s.io/prometheus-system created
role.rbac.authorization.k8s.io/prometheus-system created
role.rbac.authorization.k8s.io/prometheus-system created
clusterrole.rbac.authorization.k8s.io/prometheus-system created
rolebinding.rbac.authorization.k8s.io/prometheus-system created
rolebinding.rbac.authorization.k8s.io/prometheus-system created
rolebinding.rbac.authorization.k8s.io/prometheus-system created
rolebinding.rbac.authorization.k8s.io/prometheus-system created
clusterrolebinding.rbac.authorization.k8s.io/prometheus-system created
service/prometheus-system-np created
statefulset.apps/prometheus-system created
service/zipkin created
deployment.apps/zipkin created
NAME                                 READY   STATUS              RESTARTS   AGE
elasticsearch-logging-0              0/1     PodInitializing     0          33s
fluentd-ds-km7ts                     0/1     ContainerCreating   0          29s
grafana-7c5b4595b8-tv8df             0/1     ContainerCreating   0          14s
kibana-logging-5d8bdbdbf7-kn6pg      1/1     Running             0          32s
kube-state-metrics-f5446fc8c-qnwwc   0/4     ContainerCreating   0          24s
node-exporter-44w9l                  0/2     ContainerCreating   0          18s
prometheus-system-0                  0/1     ContainerCreating   0          6s
prometheus-system-1                  0/1     ContainerCreating   0          6s
[keptn|DEBUG] [2019-05-23 14:05:38] Retry: 1/12 - Wait 20s for pods to start in namespace knative-monitoring ...
NAME                                 READY   STATUS              RESTARTS   AGE
elasticsearch-logging-0              0/1     PodInitializing     0          55s
fluentd-ds-km7ts                     0/1     ContainerCreating   0          51s
grafana-7c5b4595b8-tv8df             0/1     ContainerCreating   0          36s
kibana-logging-5d8bdbdbf7-kn6pg      1/1     Running             0          54s
kube-state-metrics-f5446fc8c-qnwwc   0/4     ContainerCreating   0          46s
node-exporter-44w9l                  0/2     ContainerCreating   0          40s
prometheus-system-0                  0/1     ContainerCreating   0          28s
prometheus-system-1                  0/1     ContainerCreating   0          28s
[keptn|DEBUG] [2019-05-23 14:06:00] Retry: 2/12 - Wait 20s for pods to start in namespace knative-monitoring ...
NAME                                 READY   STATUS              RESTARTS   AGE
elasticsearch-logging-0              1/1     Running             0          76s
elasticsearch-logging-1              1/1     Running             0          15s
fluentd-ds-km7ts                     1/1     Running             0          72s
grafana-7c5b4595b8-tv8df             0/1     ContainerCreating   0          57s
kibana-logging-5d8bdbdbf7-kn6pg      1/1     Running             0          75s
kube-state-metrics-f5446fc8c-qnwwc   0/4     ContainerCreating   0          67s
node-exporter-44w9l                  2/2     Running             0          61s
prometheus-system-0                  0/1     ContainerCreating   0          49s
prometheus-system-1                  0/1     ContainerCreating   0          49s
[keptn|DEBUG] [2019-05-23 14:06:21] Retry: 3/12 - Wait 20s for pods to start in namespace knative-monitoring ...
NAME                                 READY   STATUS              RESTARTS   AGE
elasticsearch-logging-0              1/1     Running             0          98s
elasticsearch-logging-1              1/1     Running             0          37s
fluentd-ds-km7ts                     1/1     Running             0          94s
grafana-7c5b4595b8-tv8df             1/1     Running             0          79s
kibana-logging-5d8bdbdbf7-kn6pg      1/1     Running             0          97s
kube-state-metrics-f5446fc8c-qnwwc   0/4     ContainerCreating   0          89s
node-exporter-44w9l                  2/2     Running             0          83s
prometheus-system-0                  1/1     Running             0          71s
prometheus-system-1                  1/1     Running             0          71s
[keptn|DEBUG] [2019-05-23 14:06:43] Retry: 4/12 - Wait 20s for pods to start in namespace knative-monitoring ...
NAME                                  READY   STATUS    RESTARTS   AGE
elasticsearch-logging-0               1/1     Running   0          119s
elasticsearch-logging-1               1/1     Running   0          58s
fluentd-ds-km7ts                      1/1     Running   0          115s
grafana-7c5b4595b8-tv8df              1/1     Running   0          100s
kibana-logging-5d8bdbdbf7-kn6pg       1/1     Running   0          118s
kube-state-metrics-5f5cd64c95-754dv   4/4     Running   0          17s
node-exporter-44w9l                   2/2     Running   0          104s
prometheus-system-0                   1/1     Running   0          92s
prometheus-system-1                   1/1     Running   0          92s
[keptn|DEBUG] [2019-05-23 14:07:04] All pods are running in namespace knative-monitoring.
namespace/knative-serving unchanged
clusterrole.rbac.authorization.k8s.io/knative-serving-admin configured
clusterrole.rbac.authorization.k8s.io/knative-serving-core unchanged
serviceaccount/controller unchanged
clusterrolebinding.rbac.authorization.k8s.io/knative-serving-controller-admin unchanged
gateway.networking.istio.io/knative-ingress-gateway unchanged
gateway.networking.istio.io/cluster-local-gateway unchanged
customresourcedefinition.apiextensions.k8s.io/clusteringresses.networking.internal.knative.dev unchanged
customresourcedefinition.apiextensions.k8s.io/configurations.serving.knative.dev unchanged
customresourcedefinition.apiextensions.k8s.io/images.caching.internal.knative.dev unchanged
customresourcedefinition.apiextensions.k8s.io/podautoscalers.autoscaling.internal.knative.dev unchanged
customresourcedefinition.apiextensions.k8s.io/revisions.serving.knative.dev unchanged
customresourcedefinition.apiextensions.k8s.io/routes.serving.knative.dev unchanged
customresourcedefinition.apiextensions.k8s.io/services.serving.knative.dev unchanged
service/activator-service configured
service/controller unchanged
service/webhook unchanged
image.caching.internal.knative.dev/queue-proxy unchanged
deployment.apps/activator unchanged
service/autoscaler unchanged
deployment.apps/autoscaler unchanged
configmap/config-autoscaler unchanged
configmap/config-controller unchanged
configmap/config-domain unchanged
configmap/config-gc unchanged
configmap/config-istio unchanged
configmap/config-logging unchanged
configmap/config-network unchanged
configmap/config-observability unchanged
deployment.apps/controller configured
deployment.apps/webhook unchanged
NAME                 TYPE        CLUSTER-IP    EXTERNAL-IP   PORT(S)   AGE
service/kubernetes   ClusterIP   10.27.240.1   <none>        443/TCP   16m
[keptn|DEBUG] [2019-05-23 14:07:47] All custom resource definitions are available.
NAME                          READY   STATUS    RESTARTS   AGE
activator-56555cfd8f-n8sfb    2/2     Running   2          8m37s
autoscaler-6d768b4f67-2fdbl   2/2     Running   1          8m36s
controller-6cf6f85976-fh2m4   1/1     Running   0          8m33s
webhook-6f7dfd6946-nb6zd      1/1     Running   0          8m32s
[keptn|DEBUG] [2019-05-23 14:07:49] All pods are running in namespace knative-serving.
namespace/knative-build unchanged
podsecuritypolicy.policy/knative-build configured
clusterrole.rbac.authorization.k8s.io/knative-build-admin unchanged
serviceaccount/build-controller unchanged
clusterrolebinding.rbac.authorization.k8s.io/build-controller-admin unchanged
customresourcedefinition.apiextensions.k8s.io/builds.build.knative.dev unchanged
customresourcedefinition.apiextensions.k8s.io/buildtemplates.build.knative.dev unchanged
customresourcedefinition.apiextensions.k8s.io/clusterbuildtemplates.build.knative.dev unchanged
customresourcedefinition.apiextensions.k8s.io/images.caching.internal.knative.dev unchanged
service/build-controller unchanged
service/build-webhook unchanged
image.caching.internal.knative.dev/creds-init unchanged
image.caching.internal.knative.dev/git-init unchanged
image.caching.internal.knative.dev/gcs-fetcher unchanged
image.caching.internal.knative.dev/nop unchanged
configmap/config-logging unchanged
deployment.apps/build-controller unchanged
deployment.apps/build-webhook unchanged
No resources found.
[keptn|DEBUG] [2019-05-23 14:07:58] All custom resource definitions are available.
NAME                                READY   STATUS    RESTARTS   AGE
build-controller-755f6dd8b4-5b2gb   1/1     Running   0          8m5s
build-webhook-588dcc4f7f-4ftgb      1/1     Running   0          8m5s
[keptn|DEBUG] [2019-05-23 14:08:00] All pods are running in namespace knative-build.
namespace/knative-eventing unchanged
serviceaccount/eventing-controller unchanged
clusterrolebinding.rbac.authorization.k8s.io/eventing-controller-admin unchanged
customresourcedefinition.apiextensions.k8s.io/channels.eventing.knative.dev unchanged
customresourcedefinition.apiextensions.k8s.io/clusterchannelprovisioners.eventing.knative.dev unchanged
customresourcedefinition.apiextensions.k8s.io/subscriptions.eventing.knative.dev unchanged
configmap/default-channel-webhook unchanged
service/webhook unchanged
deployment.apps/eventing-controller unchanged
deployment.apps/webhook unchanged
configmap/config-logging unchanged
clusterchannelprovisioner.eventing.knative.dev/in-memory created
clusterchannelprovisioner.eventing.knative.dev/in-memory-channel created
serviceaccount/in-memory-channel-controller unchanged
clusterrole.rbac.authorization.k8s.io/in-memory-channel-controller unchanged
clusterrolebinding.rbac.authorization.k8s.io/in-memory-channel-controller unchanged
deployment.apps/in-memory-channel-controller unchanged
serviceaccount/in-memory-channel-dispatcher unchanged
clusterrole.rbac.authorization.k8s.io/in-memory-channel-dispatcher unchanged
clusterrolebinding.rbac.authorization.k8s.io/in-memory-channel-dispatcher unchanged
deployment.apps/in-memory-channel-dispatcher unchanged
[keptn|INFO] [2019-05-23 14:08:04] KNOWN ISSUE: Applying the knative v.0.4.0 release.yaml runs into a race condition for the custom resource definition ClusterChannelProvisioner.
NAME                                                               READY   REASON
clusterchannelprovisioner.eventing.knative.dev/in-memory           True    
clusterchannelprovisioner.eventing.knative.dev/in-memory-channel   True    
[keptn|DEBUG] [2019-05-23 14:08:10] All custom resource definitions are available.
NAME                                            READY   STATUS    RESTARTS   AGE
eventing-controller-6554f9cbcf-cp479            2/2     Running   0          7m
in-memory-channel-controller-7888dfffd7-64q7q   2/2     Running   1          6m57s
in-memory-channel-dispatcher-56d6f99dc6-tnqvp   2/2     Running   2          6m56s
webhook-654b696b9b-kdkvf                        1/1     Running   0          7m
[keptn|DEBUG] [2019-05-23 14:08:12] All pods are running in namespace knative-eventing.
namespace/knative-sources unchanged
serviceaccount/controller-manager unchanged
clusterrole.rbac.authorization.k8s.io/eventing-sources-controller unchanged
clusterrolebinding.rbac.authorization.k8s.io/eventing-sources-controller unchanged
customresourcedefinition.apiextensions.k8s.io/awssqssources.sources.eventing.knative.dev unchanged
customresourcedefinition.apiextensions.k8s.io/containersources.sources.eventing.knative.dev unchanged
customresourcedefinition.apiextensions.k8s.io/cronjobsources.sources.eventing.knative.dev unchanged
customresourcedefinition.apiextensions.k8s.io/githubsources.sources.eventing.knative.dev unchanged
customresourcedefinition.apiextensions.k8s.io/kuberneteseventsources.sources.eventing.knative.dev unchanged
service/controller unchanged
statefulset.apps/controller-manager unchanged
No resources found.
[keptn|DEBUG] [2019-05-23 14:08:21] All custom resource definitions are available.
NAME                   READY   STATUS    RESTARTS   AGE
controller-manager-0   1/1     Running   0          5m10s
[keptn|DEBUG] [2019-05-23 14:08:22] All pods are running in namespace knative-sources.
namespace/knative-monitoring unchanged
service/elasticsearch-logging unchanged
serviceaccount/elasticsearch-logging unchanged
clusterrole.rbac.authorization.k8s.io/elasticsearch-logging unchanged
clusterrolebinding.rbac.authorization.k8s.io/elasticsearch-logging configured
statefulset.apps/elasticsearch-logging configured
service/kibana-logging unchanged
deployment.apps/kibana-logging configured
configmap/fluentd-ds-config unchanged
logentry.config.istio.io/requestlog unchanged
fluentd.config.istio.io/requestloghandler unchanged
rule.config.istio.io/requestlogtofluentd unchanged
serviceaccount/fluentd-ds unchanged
clusterrole.rbac.authorization.k8s.io/fluentd-ds unchanged
clusterrolebinding.rbac.authorization.k8s.io/fluentd-ds configured
service/fluentd-ds unchanged
daemonset.apps/fluentd-ds unchanged
configmap/grafana-dashboard-definition-istio unchanged
configmap/grafana-dashboard-definition-mixer unchanged
configmap/grafana-dashboard-definition-pilot unchanged
serviceaccount/kube-state-metrics unchanged
role.rbac.authorization.k8s.io/kube-state-metrics-resizer unchanged
rolebinding.rbac.authorization.k8s.io/kube-state-metrics unchanged
clusterrole.rbac.authorization.k8s.io/kube-state-metrics unchanged
clusterrolebinding.rbac.authorization.k8s.io/kube-state-metrics unchanged
deployment.extensions/kube-state-metrics unchanged
service/kube-state-metrics unchanged
configmap/grafana-dashboard-definition-kubernetes-deployment unchanged
configmap/grafana-dashboard-definition-kubernetes-capacity-planning unchanged
configmap/grafana-dashboard-definition-kubernetes-cluster-health unchanged
configmap/grafana-dashboard-definition-kubernetes-cluster-status unchanged
configmap/grafana-dashboard-definition-kubernetes-control-plane-status unchanged
configmap/grafana-dashboard-definition-kubernetes-resource-requests unchanged
configmap/grafana-dashboard-definition-kubernetes-nodes unchanged
configmap/grafana-dashboard-definition-kubernetes-pods unchanged
configmap/grafana-dashboard-definition-kubernetes-statefulset unchanged
serviceaccount/node-exporter unchanged
clusterrole.rbac.authorization.k8s.io/node-exporter unchanged
clusterrolebinding.rbac.authorization.k8s.io/node-exporter unchanged
daemonset.extensions/node-exporter unchanged
service/node-exporter unchanged
configmap/grafana-dashboard-definition-knative-efficiency unchanged
configmap/grafana-dashboard-definition-knative-reconciler unchanged
configmap/scaling-config unchanged
configmap/grafana-dashboard-definition-knative unchanged
configmap/grafana-datasources unchanged
configmap/grafana-dashboards unchanged
service/grafana unchanged
deployment.apps/grafana unchanged
metric.config.istio.io/revisionrequestcount unchanged
metric.config.istio.io/revisionrequestduration unchanged
metric.config.istio.io/revisionrequestsize unchanged
metric.config.istio.io/revisionresponsesize unchanged
prometheus.config.istio.io/revisionpromhandler unchanged
rule.config.istio.io/revisionpromhttp unchanged
configmap/prometheus-scrape-config unchanged
service/kube-controller-manager unchanged
service/prometheus-system-discovery unchanged
serviceaccount/prometheus-system unchanged
role.rbac.authorization.k8s.io/prometheus-system unchanged
role.rbac.authorization.k8s.io/prometheus-system unchanged
role.rbac.authorization.k8s.io/prometheus-system unchanged
role.rbac.authorization.k8s.io/prometheus-system unchanged
clusterrole.rbac.authorization.k8s.io/prometheus-system unchanged
rolebinding.rbac.authorization.k8s.io/prometheus-system unchanged
rolebinding.rbac.authorization.k8s.io/prometheus-system unchanged
rolebinding.rbac.authorization.k8s.io/prometheus-system unchanged
rolebinding.rbac.authorization.k8s.io/prometheus-system unchanged
clusterrolebinding.rbac.authorization.k8s.io/prometheus-system unchanged
service/prometheus-system-np unchanged
statefulset.apps/prometheus-system unchanged
service/zipkin unchanged
deployment.apps/zipkin unchanged
NAME                                  READY   STATUS    RESTARTS   AGE
elasticsearch-logging-0               1/1     Running   0          3m37s
elasticsearch-logging-1               1/1     Running   0          2m36s
fluentd-ds-km7ts                      1/1     Running   0          3m33s
grafana-7c5b4595b8-tv8df              1/1     Running   0          3m18s
kibana-logging-5d8bdbdbf7-kn6pg       1/1     Running   0          3m36s
kube-state-metrics-5f5cd64c95-754dv   4/4     Running   0          115s
node-exporter-44w9l                   2/2     Running   0          3m22s
prometheus-system-0                   1/1     Running   0          3m10s
prometheus-system-1                   1/1     Running   0          3m10s
[keptn|DEBUG] [2019-05-23 14:08:43] All pods are running in namespace knative-monitoring.
clusterrole.rbac.authorization.k8s.io/knative-serving-build created
configmap/config-domain configured
configmap/config-network configured
serviceaccount/build-bot created
buildtemplate.build.knative.dev/kaniko created
[keptn|INFO] [2019-05-23 14:09:19] Installing Knative done
[keptn|INFO] [2019-05-23 14:09:19] Installing keptn
clusterrolebinding.rbac.authorization.k8s.io/keptn-rbac created
configmap/keptn-orgs created
configmap/config-controller configured
channel.eventing.knative.dev/keptn-channel created
NAME            READY   REASON
keptn-channel           
[keptn|DEBUG] [2019-05-23 14:09:25] Channel keptn-channel in namespace keptn available.
channel.eventing.knative.dev/new-artefact created
NAME           READY   REASON
new-artefact   True    
[keptn|DEBUG] [2019-05-23 14:09:26] Channel new-artefact in namespace keptn available.
channel.eventing.knative.dev/configuration-changed created
NAME                    READY   REASON
configuration-changed   True    
[keptn|DEBUG] [2019-05-23 14:09:28] Channel configuration-changed in namespace keptn available.
channel.eventing.knative.dev/deployment-finished created
NAME                  READY   REASON
deployment-finished   True    
[keptn|DEBUG] [2019-05-23 14:09:29] Channel deployment-finished in namespace keptn available.
channel.eventing.knative.dev/tests-finished created
NAME             READY   REASON
tests-finished   True    
[keptn|DEBUG] [2019-05-23 14:09:31] Channel tests-finished in namespace keptn available.
channel.eventing.knative.dev/evaluation-done created
NAME              READY   REASON
evaluation-done           
[keptn|DEBUG] [2019-05-23 14:09:32] Channel evaluation-done in namespace keptn available.
channel.eventing.knative.dev/problem created
NAME      READY   REASON
problem   True    
[keptn|DEBUG] [2019-05-23 14:09:34] Channel problem in namespace keptn available.
secret/keptn-api-token created
service.serving.knative.dev/event-broker created
service.serving.knative.dev/event-broker-ext created
service.serving.knative.dev/authenticator created
service.serving.knative.dev/control created
Generating a 2048 bit RSA private key
...................................+++
...............................................................................................................+++
writing new private key to 'key.pem'
-----
secret/istio-ingressgateway-certs created
gateway.networking.istio.io/knative-ingress-gateway configured
NAME                                                READY   STATUS            RESTARTS   AGE
authenticator-nmzz2-deployment-85f67b9cc-ccnr9      0/3     PodInitializing   0          6s
control-z7hxc-deployment-6d5fbf8f54-jjms4           0/3     Init:0/1          0          3s
docker-registry-66bb5d6d98-cpl6b                    2/2     Running           0          11m
event-broker-6gtmc-deployment-5489b4d775-45hmx      0/3     PodInitializing   0          9s
event-broker-ext-9ktml-deployment-b7c76f8dc-mkv5p   0/3     PodInitializing   0          7s
[keptn|DEBUG] [2019-05-23 14:09:48] Retry: 1/12 - Wait 20s for pods to start in namespace keptn ...
NAME                                                READY   STATUS            RESTARTS   AGE
authenticator-nmzz2-deployment-85f67b9cc-ccnr9      0/3     PodInitializing   0          28s
control-z7hxc-deployment-6d5fbf8f54-jjms4           0/3     PodInitializing   0          25s
docker-registry-66bb5d6d98-cpl6b                    2/2     Running           0          11m
event-broker-6gtmc-deployment-5489b4d775-45hmx      0/3     PodInitializing   0          31s
event-broker-ext-9ktml-deployment-b7c76f8dc-mkv5p   0/3     PodInitializing   0          29s
[keptn|DEBUG] [2019-05-23 14:10:09] Retry: 2/12 - Wait 20s for pods to start in namespace keptn ...
NAME                                                READY   STATUS    RESTARTS   AGE
authenticator-nmzz2-deployment-85f67b9cc-ccnr9      3/3     Running   0          49s
control-z7hxc-deployment-6d5fbf8f54-jjms4           3/3     Running   0          46s
docker-registry-66bb5d6d98-cpl6b                    2/2     Running   0          12m
event-broker-6gtmc-deployment-5489b4d775-45hmx      3/3     Running   0          52s
event-broker-ext-9ktml-deployment-b7c76f8dc-mkv5p   3/3     Running   0          50s
[keptn|DEBUG] [2019-05-23 14:10:30] All pods are running in namespace keptn.
deployment "event-broker-6gtmc-deployment" successfully rolled out
[keptn|DEBUG] [2019-05-23 14:10:32] Deployment event-broker-6gtmc-deployment in keptn namespace available.
deployment "event-broker-ext-9ktml-deployment" successfully rolled out
[keptn|DEBUG] [2019-05-23 14:10:33] Deployment event-broker-ext-9ktml-deployment in keptn namespace available.
deployment "authenticator-nmzz2-deployment" successfully rolled out
[keptn|DEBUG] [2019-05-23 14:10:34] Deployment authenticator-nmzz2-deployment in keptn namespace available.
deployment "control-z7hxc-deployment" successfully rolled out
[keptn|DEBUG] [2019-05-23 14:10:36] Deployment control-z7hxc-deployment in keptn namespace available.
[keptn|INFO] [2019-05-23 14:10:36] Installing keptn done
[keptn|INFO] [2019-05-23 14:10:36] Wear uniform
[keptn|DEBUG] [2019-05-23 14:10:37] JENKINS_USER not set, take it from creds.json
[keptn|DEBUG] [2019-05-23 14:10:37] JENKINS_PASSWORD not set, take it from creds.json
[keptn|DEBUG] [2019-05-23 14:10:37] GITHUB_USER_NAME not set, take it from creds.json
[keptn|DEBUG] [2019-05-23 14:10:37] GITHUB_PERSONAL_ACCESS_TOKEN not set, take it from creds.json
[keptn|DEBUG] [2019-05-23 14:10:37] GITHUB_USER_EMAIL not set, take it from creds.json
[keptn|DEBUG] [2019-05-23 14:10:37] GITHUB_ORGANIZATION not set, take it from creds.json
Cloning into 'jenkins-service'...
persistentvolumeclaim/jenkins-jobs created
persistentvolumeclaim/jenkins-workspaces created
persistentvolumeclaim/maven-repo created
gateway.networking.istio.io/jenkins-gateway created
destinationrule.networking.istio.io/jenkins-destination created
virtualservice.networking.istio.io/jenkins created
service/jenkins created
deployment.extensions/jenkins-deployment created
clusterrolebinding.rbac.authorization.k8s.io/jenkins-rbac created
serviceentry.networking.istio.io/jenkins-github created
Waiting for deployment "jenkins-deployment" rollout to finish: 0 of 1 updated replicas are available...
deployment "jenkins-deployment" successfully rolled out
[keptn|DEBUG] [2019-05-23 14:11:36] Deployment jenkins-deployment in keptn namespace available.
Wait 100s for Jenkins...
  % Total    % Received % Xferd  Average Speed   Time    Time     Time  Current
                                 Dload  Upload   Total   Spent    Left  Speed
  0     0    0     0    0     0      0      0 --:--:-- --:--:-- --:--:--     0curl: (6) Could not resolve host: jenkins.keptn.35.231.102.83.xip.io
[keptn|DEBUG] [2019-05-23 14:13:16] Retry: 1/12 - Wait 10s for creating git credentials in Jenkins ...
  % Total    % Received % Xferd  Average Speed   Time    Time     Time  Current
                                 Dload  Upload   Total   Spent    Left  Speed
  0     0    0     0    0     0      0      0 --:--:-- --:--:-- --:--:--     0100   683    0     0  100   683      0   1488 --:--:-- --:--:-- --:--:--  1484100   683    0     0  100   683      0    524  0:00:01  0:00:01 --:--:--   524
[keptn|DEBUG] [2019-05-23 14:13:27] Git credentials in Jenkins created.
secret/jenkins-secret created
service.serving.knative.dev/jenkins-service created
subscription.eventing.knative.dev/jenkins-configuration-changed-subscription created
subscription.eventing.knative.dev/jenkins-deployment-finished-subscription created
subscription.eventing.knative.dev/jenkins-evaluation-done-subscription created
serviceaccount/tiller created
clusterrolebinding.rbac.authorization.k8s.io/tiller created
$HELM_HOME has been configured at /home/johannes/.helm.

Tiller (the Helm server-side component) has been installed into your Kubernetes Cluster.

Please note: by default, Tiller is deployed with an insecure 'allow unauthenticated users' policy.
To prevent this, run `helm init` with the --tiller-tls-verify flag.
For more information on securing your installation see: https://docs.helm.sh/using_helm/#securing-your-helm-installation
Happy Helming!
Cloning into 'github-service'...
secret/github-credentials created
service.serving.knative.dev/github-service created
subscription.eventing.knative.dev/github-keptn-channel-subscription created
subscription.eventing.knative.dev/github-new-artefact-subscription created
Cloning into 'servicenow-service'...
service.serving.knative.dev/servicenow-service created
subscription.eventing.knative.dev/servicenow-sub created
Cloning into 'pitometer-service'...
service.serving.knative.dev/pitometer-service created
subscription.eventing.knative.dev/pitometer-service-tests-finished-subscription created
NAME                                                  READY   STATUS            RESTARTS   AGE
authenticator-nmzz2-deployment-85f67b9cc-ccnr9        3/3     Running           0          4m10s
control-z7hxc-deployment-6d5fbf8f54-jjms4             3/3     Running           0          4m7s
docker-registry-66bb5d6d98-cpl6b                      2/2     Running           0          15m
event-broker-6gtmc-deployment-5489b4d775-45hmx        3/3     Running           0          4m13s
event-broker-ext-9ktml-deployment-b7c76f8dc-mkv5p     3/3     Running           0          4m11s
github-service-66tjp-deployment-5d877565b5-jrqzh      0/3     PodInitializing   0          9s
jenkins-deployment-df9859c4c-w4k5n                    2/2     Running           0          3m6s
jenkins-service-g8lfj-deployment-8687c9b865-pkfds     3/3     Running           0          18s
pitometer-service-q5fm2-deployment-744548b7f4-9lbrv   0/3     Init:0/1          0          1s
servicenow-service-hljfv-deployment-68d7f5489-wj5n9   0/3     Init:0/1          0          4s
[keptn|DEBUG] [2019-05-23 14:13:51] Retry: 1/12 - Wait 20s for pods to start in namespace keptn ...
NAME                                                  READY   STATUS            RESTARTS   AGE
authenticator-nmzz2-deployment-85f67b9cc-ccnr9        3/3     Running           0          4m32s
control-z7hxc-deployment-6d5fbf8f54-jjms4             3/3     Running           0          4m29s
docker-registry-66bb5d6d98-cpl6b                      2/2     Running           0          15m
event-broker-6gtmc-deployment-5489b4d775-45hmx        3/3     Running           0          4m35s
event-broker-ext-9ktml-deployment-b7c76f8dc-mkv5p     3/3     Running           0          4m33s
github-service-66tjp-deployment-5d877565b5-jrqzh      3/3     Running           0          31s
jenkins-deployment-df9859c4c-w4k5n                    2/2     Running           0          3m28s
jenkins-service-g8lfj-deployment-8687c9b865-pkfds     3/3     Running           0          40s
pitometer-service-q5fm2-deployment-744548b7f4-9lbrv   0/3     PodInitializing   0          23s
servicenow-service-hljfv-deployment-68d7f5489-wj5n9   2/3     Running           0          26s
[keptn|DEBUG] [2019-05-23 14:14:13] Retry: 2/12 - Wait 20s for pods to start in namespace keptn ...
NAME                                                  READY   STATUS    RESTARTS   AGE
authenticator-nmzz2-deployment-85f67b9cc-ccnr9        3/3     Running   0          4m53s
control-z7hxc-deployment-6d5fbf8f54-jjms4             3/3     Running   0          4m50s
docker-registry-66bb5d6d98-cpl6b                      2/2     Running   0          16m
event-broker-6gtmc-deployment-5489b4d775-45hmx        3/3     Running   0          4m56s
event-broker-ext-9ktml-deployment-b7c76f8dc-mkv5p     3/3     Running   0          4m54s
github-service-66tjp-deployment-5d877565b5-jrqzh      3/3     Running   0          52s
jenkins-deployment-df9859c4c-w4k5n                    2/2     Running   0          3m49s
jenkins-service-g8lfj-deployment-8687c9b865-pkfds     3/3     Running   0          61s
pitometer-service-q5fm2-deployment-744548b7f4-9lbrv   3/3     Running   0          44s
servicenow-service-hljfv-deployment-68d7f5489-wj5n9   3/3     Running   0          47s
[keptn|DEBUG] [2019-05-23 14:14:34] All pods are running in namespace keptn.
deployment "jenkins-service-g8lfj-deployment" successfully rolled out
[keptn|DEBUG] [2019-05-23 14:14:36] Deployment jenkins-service-g8lfj-deployment in keptn namespace available.
deployment "github-service-66tjp-deployment" successfully rolled out
[keptn|DEBUG] [2019-05-23 14:14:37] Deployment github-service-66tjp-deployment in keptn namespace available.
deployment "servicenow-service-hljfv-deployment" successfully rolled out
[keptn|DEBUG] [2019-05-23 14:14:39] Deployment servicenow-service-hljfv-deployment in keptn namespace available.
deployment "pitometer-service-q5fm2-deployment" successfully rolled out
[keptn|DEBUG] [2019-05-23 14:14:41] Deployment pitometer-service-q5fm2-deployment in keptn namespace available.
[keptn|INFO] [2019-05-23 14:14:41] Keptn wears uniform
[keptn|INFO] [2019-05-23 14:14:41] Installation of keptn complete.
[keptn|INFO] [2019-05-23 14:14:42] keptn endpoint: https://control.keptn.35.231.102.83.xip.io
[keptn|INFO] [2019-05-23 14:14:42] keptn api-token: RYpYLQBwmLJheYiO5yoVZg==
